Start: 1486398649.6469
End: 1486398649.8476
Elapsed: 0.20064902305603
Start: 1486486966.829
Start: 1486486967.2956
End: 1486486967.9276
End: 1486486967.9278
Elapsed: 1.098531961441
Elapsed: 0.63226914405823
Start: 1486487022.9731
End: 1486487023.0658
Elapsed: 0.092687845230103
Start: 1486487045.997
End: 1486487046.287
Elapsed: 0.29001188278198
Start: 1486487046.5821
End: 1486487046.6546
Elapsed: 0.072490930557251
Start: 1486487047.191
End: 1486487047.2984
Elapsed: 0.10740399360657
Start: 1486487047.5174
End: 1486487047.5838
Elapsed: 0.066441059112549
Start: 1486487047.7225
End: 1486487047.79
Elapsed: 0.067522048950195
Start: 1486487047.9091
End: 1486487047.9845
Elapsed: 0.075370788574219
Start: 1486487048.0883
End: 1486487048.189
Elapsed: 0.10069012641907
Start: 1486487048.3082
End: 1486487048.4082
Elapsed: 0.10006022453308
Start: 1486487066.4622
End: 1486487066.6049
Elapsed: 0.14273691177368
Start: 1486487456.9664
End: 1486487457.2206
Elapsed: 0.25424003601074
Start: 1486487458.1714
End: 1486487458.3093
Elapsed: 0.13793897628784
Start: 1486488375.6149
End: 1486488376.4633
Elapsed: 0.84838700294495
Start: 1486488377.6834
End: 1486488378.1034
Elapsed: 0.41994309425354
Start: 1486488441.9779
End: 1486488442.1023
Elapsed: 0.12439203262329
Start: 1486488996.9505
End: 1486488997.4028
Elapsed: 0.45222687721252
Start: 1486489012.3527
End: 1486489012.4616
Elapsed: 0.10887002944946
Start: 1486489075.4058
End: 1486489075.5326
Elapsed: 0.12672209739685
Start: 1486489095.8258
End: 1486489096.1177
Elapsed: 0.29184985160828
Start: 1486489153.6752
End: 1486489153.832
Elapsed: 0.15683817863464
Start: 1486489250.6163
End: 1486489250.7779
Elapsed: 0.16161203384399
Start: 1486489272.8162
End: 1486489272.9738
Elapsed: 0.15768694877625
Start: 1486489418.137
End: 1486489418.2647
Elapsed: 0.12764191627502
Start: 1486489438.9169
End: 1486489439.0813
Elapsed: 0.16445517539978
Start: 1486489523.0617
End: 1486489523.2534
Elapsed: 0.19163298606873
Start: 1486489543.1778
End: 1486489543.3233
Elapsed: 0.14559388160706
Start: 1486489620.2766
End: 1486489620.45
Elapsed: 0.1734459400177
Start: 1486489800.0842
Start: 1486489855.6153
End: 1486489855.7504
Elapsed: 0.1350839138031
Start: 1486489866.3632
End: 1486489866.503
Elapsed: 0.13976311683655
Start: 1486489872.6308
End: 1486489872.7804
Elapsed: 0.14963698387146
Start: 1486489893.2895
End: 1486489893.4388
Elapsed: 0.14930701255798
Start: 1486490012.0403
End: 1486490012.1783
Elapsed: 0.13797998428345
Start: 1486490545.2374
End: 1486490545.4046
Elapsed: 0.16715693473816
Start: 1486553863.0636
End: 1486553864.0494
Elapsed: 0.98583006858826
Start: 1486553867.1055
End: 1486553867.2666
Elapsed: 0.16118812561035
Start: 1486554216.1922
Start: 1486554216.3727
Start: 1486554230.5396
Start: 1486554230.9198
Start: 1486554259.7109
End: 1486554259.8552
Elapsed: 0.14430713653564
Start: 1486554260.0595
End: 1486554260.1572
Elapsed: 0.097724914550781
Start: 1486554369.297
End: 1486554369.4159
Elapsed: 0.11891007423401
Start: 1486554369.6064
End: 1486554369.6977
Elapsed: 0.091257095336914
Start: 1486554370.4924
End: 1486554370.5991
Elapsed: 0.10665917396545
Start: 1486554370.803
End: 1486554370.8814
Elapsed: 0.078381061553955
Start: 1486554398.4683
End: 1486554399.0026
Elapsed: 0.53429579734802
Start: 1486554399.4408
End: 1486554400.5316
Elapsed: 1.0908219814301
Start: 1486554424.6151
End: 1486554424.8229
Elapsed: 0.20776319503784
Start: 1486554425.0353
End: 1486554425.1164
Elapsed: 0.08110785484314
Start: 1486554432.8201
Start: 1486554433.0092
Start: 1486554437.6559
End: 1486554437.7798
Elapsed: 0.12390208244324
Start: 1486554437.9519
End: 1486554438.0397
Elapsed: 0.087776899337769
Start: 1486554604.8703
End: 1486554604.9955
Elapsed: 0.12520098686218
Start: 1486554605.1855
End: 1486554605.2863
Elapsed: 0.10082101821899
Start: 1486554671.9684
End: 1486554672.1123
Elapsed: 0.14386200904846
Start: 1486554672.328
End: 1486554672.4298
Elapsed: 0.10181713104248
Start: 1486554674.8367
End: 1486554674.9704
Elapsed: 0.13373398780823
Start: 1486554675.158
End: 1486554675.2532
Elapsed: 0.095138072967529
Start: 1486554704.0811
End: 1486554704.2446
Elapsed: 0.16351199150085
Start: 1486554704.4148
End: 1486554704.5178
Elapsed: 0.10294008255005
Start: 1486554832.8278
End: 1486554832.9515
Elapsed: 0.12371301651001
Start: 1486554833.1628
End: 1486554833.3029
Elapsed: 0.14008522033691
Start: 1486554857.0331
End: 1486554857.1571
Elapsed: 0.12405109405518
Start: 1486554857.3458
End: 1486554857.4408
Elapsed: 0.094992160797119
Start: 1486554872.7115
End: 1486554872.8392
Elapsed: 0.1277220249176
Start: 1486554873.0993
End: 1486554873.2656
Elapsed: 0.16626787185669
Start: 1486554915.8098
End: 1486554915.9392
Elapsed: 0.12945199012756
Start: 1486554916.226
End: 1486554916.3208
Elapsed: 0.094810009002686
Start: 1486554945.9293
End: 1486554946.0918
Elapsed: 0.16242504119873
Start: 1486554946.3738
End: 1486554946.4425
Elapsed: 0.068644046783447
Start: 1486554978.1671
End: 1486554978.3131
Elapsed: 0.14590883255005
Start: 1486554978.5727
End: 1486554978.6538
Elapsed: 0.081132888793945
Start: 1486555029.6339
End: 1486555029.8289
Elapsed: 0.195072889328
Start: 1486555030.1283
End: 1486555030.2758
Elapsed: 0.14751315116882
Start: 1486555769.3695
End: 1486555770.1926
Elapsed: 0.82313299179077
Start: 1486555770.3677
End: 1486555770.4754
Elapsed: 0.10770487785339
Start: 1486556530.5546
End: 1486556531.1469
Elapsed: 0.59233689308167
